# JRE version: Java(TM) SE Runtime Environment (8.0_45-b15) (build 1.8.0_45-b15)
# Java VM: Java HotSpot(TM) 64-Bit Server VM (25.45-b02 mixed mode windows-amd64 compressed oops)
Heap:
 PSYoungGen      total 1297408K, used 427441K [0x000000076b200000, 0x00000007bec80000, 0x00000007c0000000)
  eden space 1245696K, 30% used [0x000000076b200000,0x000000078251db30,0x00000007b7280000)
  from space 51712K, 91% used [0x00000007bac00000,0x00000007bda4ea08,0x00000007bde80000)
  to   space 58880K, 0% used [0x00000007b7280000,0x00000007b7280000,0x00000007bac00000)
 ParOldGen       total 231424K, used 43754K [0x00000006c1600000, 0x00000006cf800000, 0x000000076b200000)
  object space 231424K, 18% used [0x00000006c1600000,0x00000006c40ba978,0x00000006cf800000)
 Metaspace       used 247612K, capacity 248139K, committed 248600K, reserved 1257472K
  class space    used 39496K, capacity 39640K, committed 39728K, reserved 1048576K
GC Heap History (10 events):
Event: 329.885 GC heap before
{Heap before GC invocations=24 (full 5):
 PSYoungGen      total 951808K, used 398779K [0x000000076b200000, 0x00000007ab400000, 0x00000007c0000000)
  eden space 913920K, 39% used [0x000000076b200000,0x00000007812728b8,0x00000007a2e80000)
  from space 37888K, 99% used [0x00000007a8f00000,0x00000007ab3fc3a8,0x00000007ab400000)
  to   space 46592K, 0% used [0x00000007a5900000,0x00000007a5900000,0x00000007a8680000)
 ParOldGen       total 182784K, used 58417K [0x00000006c1600000, 0x00000006cc880000, 0x000000076b200000)
  object space 182784K, 31% used [0x00000006c1600000,0x00000006c4f0c6e8,0x00000006cc880000)
 Metaspace       used 163532K, capacity 164000K, committed 164248K, reserved 1187840K
  class space    used 25119K, capacity 25239K, committed 25264K, reserved 1048576K
Event: 329.902 GC heap after
Heap after GC invocations=24 (full 5):
 PSYoungGen      total 1004032K, used 19263K [0x000000076b200000, 0x00000007b2980000, 0x00000007c0000000)
  eden space 957440K, 0% used [0x000000076b200000,0x000000076b200000,0x00000007a5900000)
  from space 46592K, 41% used [0x00000007a5900000,0x00000007a6bcff30,0x00000007a8680000)
  to   space 44544K, 0% used [0x00000007afe00000,0x00000007afe00000,0x00000007b2980000)
 ParOldGen       total 182784K, used 62619K [0x00000006c1600000, 0x00000006cc880000, 0x000000076b200000)
  object space 182784K, 34% used [0x00000006c1600000,0x00000006c5326ed8,0x00000006cc880000)
 Metaspace       used 163532K, capacity 164000K, committed 164248K, reserved 1187840K
  class space    used 25119K, capacity 25239K, committed 25264K, reserved 1048576K
}
Event: 329.902 GC heap before
{Heap before GC invocations=25 (full 6):
 PSYoungGen      total 1004032K, used 19263K [0x000000076b200000, 0x00000007b2980000, 0x00000007c0000000)
  eden space 957440K, 0% used [0x000000076b200000,0x000000076b200000,0x00000007a5900000)
  from space 46592K, 41% used [0x00000007a5900000,0x00000007a6bcff30,0x00000007a8680000)
  to   space 44544K, 0% used [0x00000007afe00000,0x00000007afe00000,0x00000007b2980000)
 ParOldGen       total 182784K, used 62619K [0x00000006c1600000, 0x00000006cc880000, 0x000000076b200000)
  object space 182784K, 34% used [0x00000006c1600000,0x00000006c5326ed8,0x00000006cc880000)
 Metaspace       used 163532K, capacity 164000K, committed 164248K, reserved 1187840K
  class space    used 25119K, capacity 25239K, committed 25264K, reserved 1048576K
Event: 330.006 GC heap after
Heap after GC invocations=25 (full 6):
 PSYoungGen      total 1004032K, used 0K [0x000000076b200000, 0x00000007b2980000, 0x00000007c0000000)
  eden space 957440K, 0% used [0x000000076b200000,0x000000076b200000,0x00000007a5900000)
  from space 46592K, 0% used [0x00000007a5900000,0x00000007a5900000,0x00000007a8680000)
  to   space 44544K, 0% used [0x00000007afe00000,0x00000007afe00000,0x00000007b2980000)
 ParOldGen       total 231424K, used 43746K [0x00000006c1600000, 0x00000006cf800000, 0x000000076b200000)
  object space 231424K, 18% used [0x00000006c1600000,0x00000006c40b8978,0x00000006cf800000)
 Metaspace       used 163532K, capacity 164000K, committed 164248K, reserved 1187840K
  class space    used 25119K, capacity 25239K, committed 25264K, reserved 1048576K
}
Event: 333.341 GC heap before
{Heap before GC invocations=26 (full 6):
 PSYoungGen      total 1004032K, used 957440K [0x000000076b200000, 0x00000007b2980000, 0x00000007c0000000)
  eden space 957440K, 100% used [0x000000076b200000,0x00000007a5900000,0x00000007a5900000)
  from space 46592K, 0% used [0x00000007a5900000,0x00000007a5900000,0x00000007a8680000)
  to   space 44544K, 0% used [0x00000007afe00000,0x00000007afe00000,0x00000007b2980000)
 ParOldGen       total 231424K, used 43746K [0x00000006c1600000, 0x00000006cf800000, 0x000000076b200000)
  object space 231424K, 18% used [0x00000006c1600000,0x00000006c40b8978,0x00000006cf800000)
 Metaspace       used 185542K, capacity 185984K, committed 186392K, reserved 1206272K
  class space    used 28806K, capacity 28919K, committed 28976K, reserved 1048576K
Event: 333.363 GC heap after
Heap after GC invocations=26 (full 6):
 PSYoungGen      total 1124352K, used 29579K [0x000000076b200000, 0x00000007b5000000, 0x00000007c0000000)
  eden space 1079808K, 0% used [0x000000076b200000,0x000000076b200000,0x00000007ad080000)
  from space 44544K, 66% used [0x00000007afe00000,0x00000007b1ae2c38,0x00000007b2980000)
  to   space 46592K, 0% used [0x00000007ad080000,0x00000007ad080000,0x00000007afe00000)
 ParOldGen       total 231424K, used 43746K [0x00000006c1600000, 0x00000006cf800000, 0x000000076b200000)
  object space 231424K, 18% used [0x00000006c1600000,0x00000006c40b8978,0x00000006cf800000)
 Metaspace       used 185542K, capacity 185984K, committed 186392K, reserved 1206272K
  class space    used 28806K, capacity 28919K, committed 28976K, reserved 1048576K
}
Event: 337.175 GC heap before
{Heap before GC invocations=27 (full 6):
 PSYoungGen      total 1124352K, used 1109387K [0x000000076b200000, 0x00000007b5000000, 0x00000007c0000000)
  eden space 1079808K, 100% used [0x000000076b200000,0x00000007ad080000,0x00000007ad080000)
  from space 44544K, 66% used [0x00000007afe00000,0x00000007b1ae2c38,0x00000007b2980000)
  to   space 46592K, 0% used [0x00000007ad080000,0x00000007ad080000,0x00000007afe00000)
 ParOldGen       total 231424K, used 43746K [0x00000006c1600000, 0x00000006cf800000, 0x000000076b200000)
  object space 231424K, 18% used [0x00000006c1600000,0x00000006c40b8978,0x00000006cf800000)
 Metaspace       used 207455K, capacity 207904K, committed 208280K, reserved 1224704K
  class space    used 32536K, capacity 32663K, committed 32688K, reserved 1048576K
Event: 337.203 GC heap after
Heap after GC invocations=27 (full 6):
 PSYoungGen      total 1126400K, used 39033K [0x000000076b200000, 0x00000007bde80000, 0x00000007c0000000)
  eden space 1079808K, 0% used [0x000000076b200000,0x000000076b200000,0x00000007ad080000)
  from space 46592K, 83% used [0x00000007ad080000,0x00000007af69e550,0x00000007afe00000)
  to   space 51712K, 0% used [0x00000007bac00000,0x00000007bac00000,0x00000007bde80000)
 ParOldGen       total 231424K, used 43746K [0x00000006c1600000, 0x00000006cf800000, 0x000000076b200000)
  object space 231424K, 18% used [0x00000006c1600000,0x00000006c40b8978,0x00000006cf800000)
 Metaspace       used 207455K, capacity 207904K, committed 208280K, reserved 1224704K
  class space    used 32536K, capacity 32663K, committed 32688K, reserved 1048576K
}
Event: 340.916 GC heap before
{Heap before GC invocations=28 (full 6):
 PSYoungGen      total 1126400K, used 1118841K [0x000000076b200000, 0x00000007bde80000, 0x00000007c0000000)
  eden space 1079808K, 100% used [0x000000076b200000,0x00000007ad080000,0x00000007ad080000)
  from space 46592K, 83% used [0x00000007ad080000,0x00000007af69e550,0x00000007afe00000)
  to   space 51712K, 0% used [0x00000007bac00000,0x00000007bac00000,0x00000007bde80000)
 ParOldGen       total 231424K, used 43746K [0x00000006c1600000, 0x00000006cf800000, 0x000000076b200000)
  object space 231424K, 18% used [0x00000006c1600000,0x00000006c40b8978,0x00000006cf800000)
 Metaspace       used 238802K, capacity 239243K, committed 239768K, reserved 1251328K
  class space    used 37878K, capacity 37976K, committed 38064K, reserved 1048576K
Event: 340.951 GC heap after
Heap after GC invocations=28 (full 6):
 PSYoungGen      total 1297408K, used 47418K [0x000000076b200000, 0x00000007bec80000, 0x00000007c0000000)
  eden space 1245696K, 0% used [0x000000076b200000,0x000000076b200000,0x00000007b7280000)
  from space 51712K, 91% used [0x00000007bac00000,0x00000007bda4ea08,0x00000007bde80000)
  to   space 58880K, 0% used [0x00000007b7280000,0x00000007b7280000,0x00000007bac00000)
 ParOldGen       total 231424K, used 43754K [0x00000006c1600000, 0x00000006cf800000, 0x000000076b200000)
  object space 231424K, 18% used [0x00000006c1600000,0x00000006c40ba978,0x00000006cf800000)
 Metaspace       used 238802K, capacity 239243K, committed 239768K, reserved 1251328K
  class space    used 37878K, capacity 37976K, committed 38064K, reserved 1048576K
}

