# JRE version: Java(TM) SE Runtime Environment (8.0_45-b15) (build 1.8.0_45-b15)
# Java VM: Java HotSpot(TM) 64-Bit Server VM (25.45-b02 mixed mode windows-amd64 compressed oops)
Heap:
 PSYoungGen      total 1235456K, used 542630K [0x000000076b200000, 0x00000007ba880000, 0x00000007c0000000)
  eden space 1183232K, 42% used [0x000000076b200000,0x0000000789a1b148,0x00000007b3580000)
  from space 52224K, 81% used [0x00000007b6d80000,0x00000007b974e710,0x00000007ba080000)
  to   space 57344K, 0% used [0x00000007b3580000,0x00000007b3580000,0x00000007b6d80000)
 ParOldGen       total 265216K, used 49484K [0x00000006c1600000, 0x00000006d1900000, 0x000000076b200000)
  object space 265216K, 18% used [0x00000006c1600000,0x00000006c46530e8,0x00000006d1900000)
 Metaspace       used 247550K, capacity 248075K, committed 248364K, reserved 1257472K
  class space    used 39498K, capacity 39640K, committed 39724K, reserved 1048576K
GC Heap History (10 events):
Event: 119.825 GC heap before
{Heap before GC invocations=24 (full 5):
 PSYoungGen      total 904704K, used 482881K [0x000000076b200000, 0x00000007a8100000, 0x00000007c0000000)
  eden space 867840K, 51% used [0x000000076b200000,0x000000078660eb68,0x00000007a0180000)
  from space 36864K, 98% used [0x00000007a5d00000,0x00000007a8081c48,0x00000007a8100000)
  to   space 44544K, 0% used [0x00000007a2a00000,0x00000007a2a00000,0x00000007a5580000)
 ParOldGen       total 211968K, used 57544K [0x00000006c1600000, 0x00000006ce500000, 0x000000076b200000)
  object space 211968K, 27% used [0x00000006c1600000,0x00000006c4e320f8,0x00000006ce500000)
 Metaspace       used 163541K, capacity 164000K, committed 164268K, reserved 1187840K
  class space    used 25129K, capacity 25239K, committed 25260K, reserved 1048576K
Event: 119.848 GC heap after
Heap after GC invocations=24 (full 5):
 PSYoungGen      total 953856K, used 29777K [0x000000076b200000, 0x00000007af600000, 0x00000007c0000000)
  eden space 909312K, 0% used [0x000000076b200000,0x000000076b200000,0x00000007a2a00000)
  from space 44544K, 66% used [0x00000007a2a00000,0x00000007a47147d0,0x00000007a5580000)
  to   space 46592K, 0% used [0x00000007ac880000,0x00000007ac880000,0x00000007af600000)
 ParOldGen       total 211968K, used 57544K [0x00000006c1600000, 0x00000006ce500000, 0x000000076b200000)
  object space 211968K, 27% used [0x00000006c1600000,0x00000006c4e320f8,0x00000006ce500000)
 Metaspace       used 163541K, capacity 164000K, committed 164268K, reserved 1187840K
  class space    used 25129K, capacity 25239K, committed 25260K, reserved 1048576K
}
Event: 119.848 GC heap before
{Heap before GC invocations=25 (full 6):
 PSYoungGen      total 953856K, used 29777K [0x000000076b200000, 0x00000007af600000, 0x00000007c0000000)
  eden space 909312K, 0% used [0x000000076b200000,0x000000076b200000,0x00000007a2a00000)
  from space 44544K, 66% used [0x00000007a2a00000,0x00000007a47147d0,0x00000007a5580000)
  to   space 46592K, 0% used [0x00000007ac880000,0x00000007ac880000,0x00000007af600000)
 ParOldGen       total 211968K, used 57544K [0x00000006c1600000, 0x00000006ce500000, 0x000000076b200000)
  object space 211968K, 27% used [0x00000006c1600000,0x00000006c4e320f8,0x00000006ce500000)
 Metaspace       used 163541K, capacity 164000K, committed 164268K, reserved 1187840K
  class space    used 25129K, capacity 25239K, committed 25260K, reserved 1048576K
Event: 119.949 GC heap after
Heap after GC invocations=25 (full 6):
 PSYoungGen      total 953856K, used 0K [0x000000076b200000, 0x00000007af600000, 0x00000007c0000000)
  eden space 909312K, 0% used [0x000000076b200000,0x000000076b200000,0x00000007a2a00000)
  from space 44544K, 0% used [0x00000007a2a00000,0x00000007a2a00000,0x00000007a5580000)
  to   space 46592K, 0% used [0x00000007ac880000,0x00000007ac880000,0x00000007af600000)
 ParOldGen       total 265216K, used 49476K [0x00000006c1600000, 0x00000006d1900000, 0x000000076b200000)
  object space 265216K, 18% used [0x00000006c1600000,0x00000006c46510e8,0x00000006d1900000)
 Metaspace       used 163541K, capacity 164000K, committed 164268K, reserved 1187840K
  class space    used 25129K, capacity 25239K, committed 25260K, reserved 1048576K
}
Event: 123.172 GC heap before
{Heap before GC invocations=26 (full 6):
 PSYoungGen      total 953856K, used 909312K [0x000000076b200000, 0x00000007af600000, 0x00000007c0000000)
  eden space 909312K, 100% used [0x000000076b200000,0x00000007a2a00000,0x00000007a2a00000)
  from space 44544K, 0% used [0x00000007a2a00000,0x00000007a2a00000,0x00000007a5580000)
  to   space 46592K, 0% used [0x00000007ac880000,0x00000007ac880000,0x00000007af600000)
 ParOldGen       total 265216K, used 49476K [0x00000006c1600000, 0x00000006d1900000, 0x000000076b200000)
  object space 265216K, 18% used [0x00000006c1600000,0x00000006c46510e8,0x00000006d1900000)
 Metaspace       used 185473K, capacity 185984K, committed 186412K, reserved 1206272K
  class space    used 28807K, capacity 28919K, committed 28972K, reserved 1048576K
Event: 123.197 GC heap after
Heap after GC invocations=26 (full 6):
 PSYoungGen      total 1070080K, used 29064K [0x000000076b200000, 0x00000007b1f80000, 0x00000007c0000000)
  eden space 1023488K, 0% used [0x000000076b200000,0x000000076b200000,0x00000007a9980000)
  from space 46592K, 62% used [0x00000007ac880000,0x00000007ae4e2268,0x00000007af600000)
  to   space 48128K, 0% used [0x00000007a9980000,0x00000007a9980000,0x00000007ac880000)
 ParOldGen       total 265216K, used 49476K [0x00000006c1600000, 0x00000006d1900000, 0x000000076b200000)
  object space 265216K, 18% used [0x00000006c1600000,0x00000006c46510e8,0x00000006d1900000)
 Metaspace       used 185473K, capacity 185984K, committed 186412K, reserved 1206272K
  class space    used 28807K, capacity 28919K, committed 28972K, reserved 1048576K
}
Event: 127.113 GC heap before
{Heap before GC invocations=27 (full 6):
 PSYoungGen      total 1070080K, used 1052552K [0x000000076b200000, 0x00000007b1f80000, 0x00000007c0000000)
  eden space 1023488K, 100% used [0x000000076b200000,0x00000007a9980000,0x00000007a9980000)
  from space 46592K, 62% used [0x00000007ac880000,0x00000007ae4e2268,0x00000007af600000)
  to   space 48128K, 0% used [0x00000007a9980000,0x00000007a9980000,0x00000007ac880000)
 ParOldGen       total 265216K, used 49476K [0x00000006c1600000, 0x00000006d1900000, 0x000000076b200000)
  object space 265216K, 18% used [0x00000006c1600000,0x00000006c46510e8,0x00000006d1900000)
 Metaspace       used 205034K, capacity 205536K, committed 205868K, reserved 1222656K
  class space    used 32088K, capacity 32215K, committed 32300K, reserved 1048576K
Event: 127.142 GC heap after
Heap after GC invocations=27 (full 6):
 PSYoungGen      total 1071616K, used 36275K [0x000000076b200000, 0x00000007ba080000, 0x00000007c0000000)
  eden space 1023488K, 0% used [0x000000076b200000,0x000000076b200000,0x00000007a9980000)
  from space 48128K, 75% used [0x00000007a9980000,0x00000007abcece60,0x00000007ac880000)
  to   space 52224K, 0% used [0x00000007b6d80000,0x00000007b6d80000,0x00000007ba080000)
 ParOldGen       total 265216K, used 49476K [0x00000006c1600000, 0x00000006d1900000, 0x000000076b200000)
  object space 265216K, 18% used [0x00000006c1600000,0x00000006c46510e8,0x00000006d1900000)
 Metaspace       used 205034K, capacity 205536K, committed 205868K, reserved 1222656K
  class space    used 32088K, capacity 32215K, committed 32300K, reserved 1048576K
}
Event: 131.002 GC heap before
{Heap before GC invocations=28 (full 6):
 PSYoungGen      total 1071616K, used 1059763K [0x000000076b200000, 0x00000007ba080000, 0x00000007c0000000)
  eden space 1023488K, 100% used [0x000000076b200000,0x00000007a9980000,0x00000007a9980000)
  from space 48128K, 75% used [0x00000007a9980000,0x00000007abcece60,0x00000007ac880000)
  to   space 52224K, 0% used [0x00000007b6d80000,0x00000007b6d80000,0x00000007ba080000)
 ParOldGen       total 265216K, used 49476K [0x00000006c1600000, 0x00000006d1900000, 0x000000076b200000)
  object space 265216K, 18% used [0x00000006c1600000,0x00000006c46510e8,0x00000006d1900000)
 Metaspace       used 232160K, capacity 232646K, committed 233004K, reserved 1245184K
  class space    used 37021K, capacity 37112K, committed 37164K, reserved 1048576K
Event: 131.038 GC heap after
Heap after GC invocations=28 (full 6):
 PSYoungGen      total 1235456K, used 42809K [0x000000076b200000, 0x00000007ba880000, 0x00000007c0000000)
  eden space 1183232K, 0% used [0x000000076b200000,0x000000076b200000,0x00000007b3580000)
  from space 52224K, 81% used [0x00000007b6d80000,0x00000007b974e710,0x00000007ba080000)
  to   space 57344K, 0% used [0x00000007b3580000,0x00000007b3580000,0x00000007b6d80000)
 ParOldGen       total 265216K, used 49484K [0x00000006c1600000, 0x00000006d1900000, 0x000000076b200000)
  object space 265216K, 18% used [0x00000006c1600000,0x00000006c46530e8,0x00000006d1900000)
 Metaspace       used 232160K, capacity 232646K, committed 233004K, reserved 1245184K
  class space    used 37021K, capacity 37112K, committed 37164K, reserved 1048576K
}

