# JRE version: Java(TM) SE Runtime Environment (8.0_45-b15) (build 1.8.0_45-b15)
# Java VM: Java HotSpot(TM) 64-Bit Server VM (25.45-b02 mixed mode windows-amd64 compressed oops)
Heap:
 PSYoungGen      total 1097216K, used 842868K [0x000000076b200000, 0x00000007b2500000, 0x00000007c0000000)
  eden space 1048576K, 76% used [0x000000076b200000,0x000000079c0b7a58,0x00000007ab200000)
  from space 48640K, 85% used [0x00000007ae700000,0x00000007b0f656e0,0x00000007b1680000)
  to   space 54272K, 0% used [0x00000007ab200000,0x00000007ab200000,0x00000007ae700000)
 ParOldGen       total 271872K, used 53713K [0x00000006c1600000, 0x00000006d1f80000, 0x000000076b200000)
  object space 271872K, 19% used [0x00000006c1600000,0x00000006c4a744d0,0x00000006d1f80000)
 Metaspace       used 247652K, capacity 248139K, committed 248576K, reserved 1257472K
  class space    used 39510K, capacity 39640K, committed 39680K, reserved 1048576K
GC Heap History (10 events):
Event: 245.403 GC heap before
{Heap before GC invocations=24 (full 5):
 PSYoungGen      total 827904K, used 583504K [0x000000076b200000, 0x00000007a3200000, 0x00000007c0000000)
  eden space 796672K, 69% used [0x000000076b200000,0x000000078cdabac8,0x000000079bc00000)
  from space 31232K, 98% used [0x00000007a1380000,0x00000007a31a8668,0x00000007a3200000)
  to   space 43008K, 0% used [0x000000079de00000,0x000000079de00000,0x00000007a0800000)
 ParOldGen       total 218112K, used 60873K [0x00000006c1600000, 0x00000006ceb00000, 0x000000076b200000)
  object space 218112K, 27% used [0x00000006c1600000,0x00000006c51726a0,0x00000006ceb00000)
 Metaspace       used 163537K, capacity 163936K, committed 164268K, reserved 1187840K
  class space    used 25137K, capacity 25239K, committed 25344K, reserved 1048576K
Event: 245.423 GC heap after
Heap after GC invocations=24 (full 5):
 PSYoungGen      total 874496K, used 30958K [0x000000076b200000, 0x00000007a9300000, 0x00000007c0000000)
  eden space 831488K, 0% used [0x000000076b200000,0x000000076b200000,0x000000079de00000)
  from space 43008K, 71% used [0x000000079de00000,0x000000079fc3ba50,0x00000007a0800000)
  to   space 46080K, 0% used [0x00000007a6600000,0x00000007a6600000,0x00000007a9300000)
 ParOldGen       total 218112K, used 60881K [0x00000006c1600000, 0x00000006ceb00000, 0x000000076b200000)
  object space 218112K, 27% used [0x00000006c1600000,0x00000006c51746a0,0x00000006ceb00000)
 Metaspace       used 163537K, capacity 163936K, committed 164268K, reserved 1187840K
  class space    used 25137K, capacity 25239K, committed 25344K, reserved 1048576K
}
Event: 245.423 GC heap before
{Heap before GC invocations=25 (full 6):
 PSYoungGen      total 874496K, used 30958K [0x000000076b200000, 0x00000007a9300000, 0x00000007c0000000)
  eden space 831488K, 0% used [0x000000076b200000,0x000000076b200000,0x000000079de00000)
  from space 43008K, 71% used [0x000000079de00000,0x000000079fc3ba50,0x00000007a0800000)
  to   space 46080K, 0% used [0x00000007a6600000,0x00000007a6600000,0x00000007a9300000)
 ParOldGen       total 218112K, used 60881K [0x00000006c1600000, 0x00000006ceb00000, 0x000000076b200000)
  object space 218112K, 27% used [0x00000006c1600000,0x00000006c51746a0,0x00000006ceb00000)
 Metaspace       used 163537K, capacity 163936K, committed 164268K, reserved 1187840K
  class space    used 25137K, capacity 25239K, committed 25344K, reserved 1048576K
Event: 245.534 GC heap after
Heap after GC invocations=25 (full 6):
 PSYoungGen      total 874496K, used 0K [0x000000076b200000, 0x00000007a9300000, 0x00000007c0000000)
  eden space 831488K, 0% used [0x000000076b200000,0x000000076b200000,0x000000079de00000)
  from space 43008K, 0% used [0x000000079de00000,0x000000079de00000,0x00000007a0800000)
  to   space 46080K, 0% used [0x00000007a6600000,0x00000007a6600000,0x00000007a9300000)
 ParOldGen       total 271872K, used 53705K [0x00000006c1600000, 0x00000006d1f80000, 0x000000076b200000)
  object space 271872K, 19% used [0x00000006c1600000,0x00000006c4a724d0,0x00000006d1f80000)
 Metaspace       used 163537K, capacity 163936K, committed 164268K, reserved 1187840K
  class space    used 25137K, capacity 25239K, committed 25344K, reserved 1048576K
}
Event: 248.381 GC heap before
{Heap before GC invocations=26 (full 6):
 PSYoungGen      total 874496K, used 831488K [0x000000076b200000, 0x00000007a9300000, 0x00000007c0000000)
  eden space 831488K, 100% used [0x000000076b200000,0x000000079de00000,0x000000079de00000)
  from space 43008K, 0% used [0x000000079de00000,0x000000079de00000,0x00000007a0800000)
  to   space 46080K, 0% used [0x00000007a6600000,0x00000007a6600000,0x00000007a9300000)
 ParOldGen       total 271872K, used 53705K [0x00000006c1600000, 0x00000006d1f80000, 0x000000076b200000)
  object space 271872K, 19% used [0x00000006c1600000,0x00000006c4a724d0,0x00000006d1f80000)
 Metaspace       used 185471K, capacity 185984K, committed 186368K, reserved 1206272K
  class space    used 28823K, capacity 28919K, committed 28928K, reserved 1048576K
Event: 248.403 GC heap after
Heap after GC invocations=26 (full 6):
 PSYoungGen      total 969216K, used 28124K [0x000000076b200000, 0x00000007ab500000, 0x00000007c0000000)
  eden space 923136K, 0% used [0x000000076b200000,0x000000076b200000,0x00000007a3780000)
  from space 46080K, 61% used [0x00000007a6600000,0x00000007a81772e0,0x00000007a9300000)
  to   space 47616K, 0% used [0x00000007a3780000,0x00000007a3780000,0x00000007a6600000)
 ParOldGen       total 271872K, used 53705K [0x00000006c1600000, 0x00000006d1f80000, 0x000000076b200000)
  object space 271872K, 19% used [0x00000006c1600000,0x00000006c4a724d0,0x00000006d1f80000)
 Metaspace       used 185471K, capacity 185984K, committed 186368K, reserved 1206272K
  class space    used 28823K, capacity 28919K, committed 28928K, reserved 1048576K
}
Event: 251.516 GC heap before
{Heap before GC invocations=27 (full 6):
 PSYoungGen      total 969216K, used 951260K [0x000000076b200000, 0x00000007ab500000, 0x00000007c0000000)
  eden space 923136K, 100% used [0x000000076b200000,0x00000007a3780000,0x00000007a3780000)
  from space 46080K, 61% used [0x00000007a6600000,0x00000007a81772e0,0x00000007a9300000)
  to   space 47616K, 0% used [0x00000007a3780000,0x00000007a3780000,0x00000007a6600000)
 ParOldGen       total 271872K, used 53705K [0x00000006c1600000, 0x00000006d1f80000, 0x000000076b200000)
  object space 271872K, 19% used [0x00000006c1600000,0x00000006c4a724d0,0x00000006d1f80000)
 Metaspace       used 201485K, capacity 202016K, committed 202240K, reserved 1220608K
  class space    used 31595K, capacity 31703K, committed 31744K, reserved 1048576K
Event: 251.536 GC heap after
Heap after GC invocations=27 (full 6):
 PSYoungGen      total 970752K, used 28166K [0x000000076b200000, 0x00000007b1680000, 0x00000007c0000000)
  eden space 923136K, 0% used [0x000000076b200000,0x000000076b200000,0x00000007a3780000)
  from space 47616K, 59% used [0x00000007a3780000,0x00000007a53019f0,0x00000007a6600000)
  to   space 48640K, 0% used [0x00000007ae700000,0x00000007ae700000,0x00000007b1680000)
 ParOldGen       total 271872K, used 53705K [0x00000006c1600000, 0x00000006d1f80000, 0x000000076b200000)
  object space 271872K, 19% used [0x00000006c1600000,0x00000006c4a724d0,0x00000006d1f80000)
 Metaspace       used 201485K, capacity 202016K, committed 202240K, reserved 1220608K
  class space    used 31595K, capacity 31703K, committed 31744K, reserved 1048576K
}
Event: 254.786 GC heap before
{Heap before GC invocations=28 (full 6):
 PSYoungGen      total 970752K, used 951302K [0x000000076b200000, 0x00000007b1680000, 0x00000007c0000000)
  eden space 923136K, 100% used [0x000000076b200000,0x00000007a3780000,0x00000007a3780000)
  from space 47616K, 59% used [0x00000007a3780000,0x00000007a53019f0,0x00000007a6600000)
  to   space 48640K, 0% used [0x00000007ae700000,0x00000007ae700000,0x00000007b1680000)
 ParOldGen       total 271872K, used 53705K [0x00000006c1600000, 0x00000006d1f80000, 0x000000076b200000)
  object space 271872K, 19% used [0x00000006c1600000,0x00000006c4a724d0,0x00000006d1f80000)
 Metaspace       used 224645K, capacity 225126K, committed 225408K, reserved 1239040K
  class space    used 35543K, capacity 35672K, committed 35712K, reserved 1048576K
Event: 254.822 GC heap after
Heap after GC invocations=28 (full 6):
 PSYoungGen      total 1097216K, used 41365K [0x000000076b200000, 0x00000007b2500000, 0x00000007c0000000)
  eden space 1048576K, 0% used [0x000000076b200000,0x000000076b200000,0x00000007ab200000)
  from space 48640K, 85% used [0x00000007ae700000,0x00000007b0f656e0,0x00000007b1680000)
  to   space 54272K, 0% used [0x00000007ab200000,0x00000007ab200000,0x00000007ae700000)
 ParOldGen       total 271872K, used 53713K [0x00000006c1600000, 0x00000006d1f80000, 0x000000076b200000)
  object space 271872K, 19% used [0x00000006c1600000,0x00000006c4a744d0,0x00000006d1f80000)
 Metaspace       used 224645K, capacity 225126K, committed 225408K, reserved 1239040K
  class space    used 35543K, capacity 35672K, committed 35712K, reserved 1048576K
}

